2024-08-30T18:55:36.373+02:00  INFO 94293 --- [Shop] [main] de.ait_tr.G44ShopApplication             : Starting G44ShopApplication using Java 17.0.12 with PID 94293 (/Users/sergeybugaenko/Code/AIT/Cohorts/g_44_Shop/target/classes started by sergeybugaenko in /Users/sergeybugaenko/Code/AIT/Cohorts/g_44_Shop)
2024-08-30T18:55:36.376+02:00  INFO 94293 --- [Shop] [main] de.ait_tr.G44ShopApplication             : The following 1 profile is active: "dev"
2024-08-30T18:55:36.831+02:00  INFO 94293 --- [Shop] [main] .s.d.r.c.RepositoryConfigurationDelegate : Bootstrapping Spring Data JPA repositories in DEFAULT mode.
2024-08-30T18:55:36.859+02:00  INFO 94293 --- [Shop] [main] .s.d.r.c.RepositoryConfigurationDelegate : Finished Spring Data repository scanning in 24 ms. Found 3 JPA repository interfaces.
2024-08-30T18:55:37.217+02:00  INFO 94293 --- [Shop] [main] o.s.b.w.embedded.tomcat.TomcatWebServer  : Tomcat initialized with port 8080 (http)
2024-08-30T18:55:37.223+02:00  INFO 94293 --- [Shop] [main] o.apache.catalina.core.StandardService   : Starting service [Tomcat]
2024-08-30T18:55:37.224+02:00  INFO 94293 --- [Shop] [main] o.apache.catalina.core.StandardEngine    : Starting Servlet engine: [Apache Tomcat/10.1.26]
2024-08-30T18:55:37.251+02:00  INFO 94293 --- [Shop] [main] o.a.c.c.C.[Tomcat].[localhost].[/api]    : Initializing Spring embedded WebApplicationContext
2024-08-30T18:55:37.251+02:00  INFO 94293 --- [Shop] [main] w.s.c.ServletWebServerApplicationContext : Root WebApplicationContext: initialization completed in 851 ms
2024-08-30T18:55:37.319+02:00  INFO 94293 --- [Shop] [main] com.zaxxer.hikari.HikariDataSource       : HikariPool-1 - Starting...
2024-08-30T18:55:37.448+02:00  INFO 94293 --- [Shop] [main] com.zaxxer.hikari.pool.HikariPool        : HikariPool-1 - Added connection org.postgresql.jdbc.PgConnection@58601e7a
2024-08-30T18:55:37.450+02:00  INFO 94293 --- [Shop] [main] com.zaxxer.hikari.HikariDataSource       : HikariPool-1 - Start completed.
2024-08-30T18:55:37.559+02:00  INFO 94293 --- [Shop] [main] liquibase.database                       : Set default schema name to public
2024-08-30T18:55:38.006+02:00  INFO 94293 --- [Shop] [main] liquibase.changelog                      : Reading from public.databasechangelog
2024-08-30T18:55:38.090+02:00  INFO 94293 --- [Shop] [main] liquibase.lockservice                    : Successfully acquired change log lock
2024-08-30T18:55:38.091+02:00  INFO 94293 --- [Shop] [main] liquibase.command                        : Using deploymentId: 5036938091
2024-08-30T18:55:38.092+02:00  INFO 94293 --- [Shop] [main] liquibase.changelog                      : Reading from public.databasechangelog
2024-08-30T18:55:38.096+02:00  INFO 94293 --- [Shop] [main] liquibase.ui                             : Running Changeset: db/changelog/v0.6.0/changelog.xml::add-tag-0.6.0::SergeyBugaenko
2024-08-30T18:55:38.098+02:00  INFO 94293 --- [Shop] [main] liquibase.changelog                      : Tag 'v.0.6.0' applied to database
2024-08-30T18:55:38.099+02:00  INFO 94293 --- [Shop] [main] liquibase.changelog                      : ChangeSet db/changelog/v0.6.0/changelog.xml::add-tag-0.6.0::SergeyBugaenko ran successfully in 2ms
2024-08-30T18:55:38.104+02:00  INFO 94293 --- [Shop] [main] liquibase.ui                             : Running Changeset: db/changelog/v0.6.0/create-table-confirm-code.xml::create-table-confirm-code::SergeyBugaenko
2024-08-30T18:55:38.117+02:00  INFO 94293 --- [Shop] [main] liquibase.changelog                      : Table confirm_code created
2024-08-30T18:55:38.118+02:00  INFO 94293 --- [Shop] [main] liquibase.changelog                      : ChangeSet db/changelog/v0.6.0/create-table-confirm-code.xml::create-table-confirm-code::SergeyBugaenko ran successfully in 14ms
2024-08-30T18:55:38.120+02:00  INFO 94293 --- [Shop] [main] liquibase.ui                             : Running Changeset: db/changelog/v0.6.0/create-foreign-key-confirm-code-to-user.xml::create-foreign-key-confirm-code-to-user::SergeyBugaenko
2024-08-30T18:55:38.124+02:00  INFO 94293 --- [Shop] [main] liquibase.changelog                      : Foreign key constraint added to confirm_code (user_id)
2024-08-30T18:55:38.127+02:00  INFO 94293 --- [Shop] [main] liquibase.changelog                      : ChangeSet db/changelog/v0.6.0/create-foreign-key-confirm-code-to-user.xml::create-foreign-key-confirm-code-to-user::SergeyBugaenko ran successfully in 6ms
2024-08-30T18:55:38.130+02:00  INFO 94293 --- [Shop] [main] liquibase.ui                             : Running Changeset: db/changelog/v0.6.0/add-columns-email-and-active-to-user.xml::add-columns-email-and-active-to-user::SergeyBugaenko
2024-08-30T18:55:38.134+02:00  INFO 94293 --- [Shop] [main] liquibase.changelog                      : Columns email(varchar(64)) added to user
2024-08-30T18:55:38.136+02:00  INFO 94293 --- [Shop] [main] liquibase.changelog                      : Columns active(boolean) added to user
2024-08-30T18:55:38.137+02:00  INFO 94293 --- [Shop] [main] liquibase.changelog                      : ChangeSet db/changelog/v0.6.0/add-columns-email-and-active-to-user.xml::add-columns-email-and-active-to-user::SergeyBugaenko ran successfully in 6ms
2024-08-30T18:55:38.144+02:00  INFO 94293 --- [Shop] [main] liquibase.util                           : UPDATE SUMMARY
2024-08-30T18:55:38.144+02:00  INFO 94293 --- [Shop] [main] liquibase.util                           : Run:                          4
2024-08-30T18:55:38.144+02:00  INFO 94293 --- [Shop] [main] liquibase.util                           : Previously run:              16
2024-08-30T18:55:38.144+02:00  INFO 94293 --- [Shop] [main] liquibase.util                           : Filtered out:                 0
2024-08-30T18:55:38.144+02:00  INFO 94293 --- [Shop] [main] liquibase.util                           : -------------------------------
2024-08-30T18:55:38.144+02:00  INFO 94293 --- [Shop] [main] liquibase.util                           : Total change sets:           20
2024-08-30T18:55:38.144+02:00  INFO 94293 --- [Shop] [main] liquibase.util                           : Update summary generated
2024-08-30T18:55:38.145+02:00  INFO 94293 --- [Shop] [main] liquibase.command                        : Update command completed successfully.
2024-08-30T18:55:38.145+02:00  INFO 94293 --- [Shop] [main] liquibase.ui                             : Liquibase: Update has been successful. Rows affected: 4
2024-08-30T18:55:38.148+02:00  INFO 94293 --- [Shop] [main] liquibase.lockservice                    : Successfully released change log lock
2024-08-30T18:55:38.149+02:00  INFO 94293 --- [Shop] [main] liquibase.command                        : Command execution complete
2024-08-30T18:55:38.210+02:00  INFO 94293 --- [Shop] [main] o.hibernate.jpa.internal.util.LogHelper  : HHH000204: Processing PersistenceUnitInfo [name: default]
2024-08-30T18:55:38.266+02:00  INFO 94293 --- [Shop] [main] org.hibernate.Version                    : HHH000412: Hibernate ORM core version 6.5.2.Final
2024-08-30T18:55:38.287+02:00  INFO 94293 --- [Shop] [main] o.h.c.internal.RegionFactoryInitiator    : HHH000026: Second-level cache disabled
2024-08-30T18:55:38.429+02:00  INFO 94293 --- [Shop] [main] o.s.o.j.p.SpringPersistenceUnitInfo      : No LoadTimeWeaver setup: ignoring JPA class transformer
2024-08-30T18:55:39.041+02:00  INFO 94293 --- [Shop] [main] o.h.e.t.j.p.i.JtaPlatformInitiator       : HHH000489: No JTA platform available (set 'hibernate.transaction.jta.platform' to enable JTA platform integration)
2024-08-30T18:55:39.042+02:00  INFO 94293 --- [Shop] [main] j.LocalContainerEntityManagerFactoryBean : Initialized JPA EntityManagerFactory for persistence unit 'default'
2024-08-30T18:55:39.429+02:00  WARN 94293 --- [Shop] [main] JpaBaseConfiguration$JpaWebConfiguration : spring.jpa.open-in-view is enabled by default. Therefore, database queries may be performed during view rendering. Explicitly configure spring.jpa.open-in-view to disable this warning
2024-08-30T18:55:39.449+02:00  INFO 94293 --- [Shop] [main] r$InitializeUserDetailsManagerConfigurer : Global AuthenticationManager configured with UserDetailsService bean with name userDetailsImpl
2024-08-30T18:55:39.942+02:00  WARN 94293 --- [Shop] [main] o.s.b.a.f.FreeMarkerAutoConfiguration    : Cannot find template location: [classpath:/templates/] (please add some templates, check your FreeMarker configuration, or set spring.freemarker.check-template-location=false)
2024-08-30T18:55:40.002+02:00  INFO 94293 --- [Shop] [main] o.s.b.w.embedded.tomcat.TomcatWebServer  : Tomcat started on port 8080 (http) with context path '/api'
2024-08-30T18:55:40.008+02:00  INFO 94293 --- [Shop] [main] de.ait_tr.G44ShopApplication             : Started G44ShopApplication in 3.974 seconds (process running for 4.376)
2024-08-30T19:06:43.890+02:00  INFO 94293 --- [Shop] [SpringApplicationShutdownHook] j.LocalContainerEntityManagerFactoryBean : Closing JPA EntityManagerFactory for persistence unit 'default'
2024-08-30T19:06:43.898+02:00  INFO 94293 --- [Shop] [SpringApplicationShutdownHook] com.zaxxer.hikari.HikariDataSource       : HikariPool-1 - Shutdown initiated...
2024-08-30T19:06:43.910+02:00  INFO 94293 --- [Shop] [SpringApplicationShutdownHook] com.zaxxer.hikari.HikariDataSource       : HikariPool-1 - Shutdown completed.
